[0.204s] DEBUG:colcon:Command line arguments: ['/usr/bin/colcon', 'build']
[0.205s] DEBUG:colcon:Parsed command line arguments: Namespace(allow_overriding=[], ament_cmake_args=None, base_paths=['.'], build_base='build', catkin_cmake_args=None, catkin_skip_building_tests=False, cmake_args=None, cmake_clean_cache=False, cmake_clean_first=False, cmake_force_configure=False, cmake_target=None, cmake_target_skip_unavailable=False, continue_on_error=False, event_handlers=None, executor='parallel', ignore_user_meta=False, install_base='install', log_base=None, log_level=None, main=<bound method BuildVerb.main of <colcon_core.verb.build.BuildVerb object at 0x7f93f8a7ec10>>, merge_install=False, metas=['./colcon.meta'], packages_above=None, packages_above_and_dependencies=None, packages_above_depth=None, packages_end=None, packages_ignore=None, packages_ignore_regex=None, packages_select=None, packages_select_build_failed=False, packages_select_by_dep=None, packages_select_regex=None, packages_select_test_failures=False, packages_skip=None, packages_skip_build_finished=False, packages_skip_by_dep=None, packages_skip_regex=None, packages_skip_test_passed=False, packages_skip_up_to=None, packages_start=None, packages_up_to=None, packages_up_to_regex=None, parallel_workers=8, paths=None, symlink_install=False, test_result_base=None, verb_extension=<colcon_core.verb.build.BuildVerb object at 0x7f93f8a7ec10>, verb_name='build', verb_parser=<colcon_defaults.argument_parser.defaults.DefaultArgumentsDecorator object at 0x7f93f8a081c0>)
[0.234s] Level 1:colcon.colcon_core.package_discovery:discover_packages(colcon_meta) check parameters
[0.234s] Level 1:colcon.colcon_core.package_discovery:discover_packages(recursive) check parameters
[0.234s] Level 1:colcon.colcon_core.package_discovery:discover_packages(ignore) check parameters
[0.234s] Level 1:colcon.colcon_core.package_discovery:discover_packages(path) check parameters
[0.234s] Level 1:colcon.colcon_core.package_discovery:discover_packages(colcon_meta) discover
[0.234s] Level 1:colcon.colcon_core.package_discovery:discover_packages(recursive) discover
[0.234s] INFO:colcon.colcon_core.package_discovery:Crawling recursively for packages in '/home/magnum/simuate_ws/src/obstacleavoidance_fsm'
[0.234s] Level 1:colcon.colcon_core.package_identification:_identify(.) by extensions ['ignore', 'ignore_ament_install']
[0.234s] Level 1:colcon.colcon_core.package_identification:_identify(.) by extension 'ignore'
[0.234s] Level 1:colcon.colcon_core.package_identification:_identify(.) by extension 'ignore_ament_install'
[0.234s] Level 1:colcon.colcon_core.package_identification:_identify(.) by extensions ['colcon_pkg']
[0.234s] Level 1:colcon.colcon_core.package_identification:_identify(.) by extension 'colcon_pkg'
[0.234s] Level 1:colcon.colcon_core.package_identification:_identify(.) by extensions ['colcon_meta']
[0.234s] Level 1:colcon.colcon_core.package_identification:_identify(.) by extension 'colcon_meta'
[0.234s] Level 1:colcon.colcon_core.package_identification:_identify(.) by extensions ['ros']
[0.234s] Level 1:colcon.colcon_core.package_identification:_identify(.) by extension 'ros'
[0.260s] DEBUG:colcon.colcon_core.package_identification:Package '.' with type 'ros.ament_python' and name 'obstacleavoidance_fsm'
[0.260s] Level 1:colcon.colcon_core.package_discovery:discover_packages(recursive) using defaults
[0.260s] Level 1:colcon.colcon_core.package_discovery:discover_packages(ignore) discover
[0.260s] Level 1:colcon.colcon_core.package_discovery:discover_packages(ignore) using defaults
[0.260s] Level 1:colcon.colcon_core.package_discovery:discover_packages(path) discover
[0.260s] Level 1:colcon.colcon_core.package_discovery:discover_packages(path) using defaults
[0.286s] Level 1:colcon.colcon_core.package_discovery:discover_packages(prefix_path) check parameters
[0.286s] Level 1:colcon.colcon_core.package_discovery:discover_packages(prefix_path) discover
[0.289s] DEBUG:colcon.colcon_installed_package_information.package_discovery:Found 4 installed packages in /home/magnum/simuate_ws/install
[0.291s] DEBUG:colcon.colcon_installed_package_information.package_discovery:Found 395 installed packages in /opt/ros/foxy
[0.293s] Level 1:colcon.colcon_core.package_discovery:discover_packages(prefix_path) using defaults
[0.411s] Level 5:colcon.colcon_core.verb:set package 'obstacleavoidance_fsm' build argument 'cmake_args' from command line to 'None'
[0.411s] Level 5:colcon.colcon_core.verb:set package 'obstacleavoidance_fsm' build argument 'cmake_target' from command line to 'None'
[0.411s] Level 5:colcon.colcon_core.verb:set package 'obstacleavoidance_fsm' build argument 'cmake_target_skip_unavailable' from command line to 'False'
[0.411s] Level 5:colcon.colcon_core.verb:set package 'obstacleavoidance_fsm' build argument 'cmake_clean_cache' from command line to 'False'
[0.411s] Level 5:colcon.colcon_core.verb:set package 'obstacleavoidance_fsm' build argument 'cmake_clean_first' from command line to 'False'
[0.411s] Level 5:colcon.colcon_core.verb:set package 'obstacleavoidance_fsm' build argument 'cmake_force_configure' from command line to 'False'
[0.411s] Level 5:colcon.colcon_core.verb:set package 'obstacleavoidance_fsm' build argument 'ament_cmake_args' from command line to 'None'
[0.411s] Level 5:colcon.colcon_core.verb:set package 'obstacleavoidance_fsm' build argument 'catkin_cmake_args' from command line to 'None'
[0.411s] Level 5:colcon.colcon_core.verb:set package 'obstacleavoidance_fsm' build argument 'catkin_skip_building_tests' from command line to 'False'
[0.411s] DEBUG:colcon.colcon_core.verb:Building package 'obstacleavoidance_fsm' with the following arguments: {'ament_cmake_args': None, 'build_base': '/home/magnum/simuate_ws/src/obstacleavoidance_fsm/build/obstacleavoidance_fsm', 'catkin_cmake_args': None, 'catkin_skip_building_tests': False, 'cmake_args': None, 'cmake_clean_cache': False, 'cmake_clean_first': False, 'cmake_force_configure': False, 'cmake_target': None, 'cmake_target_skip_unavailable': False, 'install_base': '/home/magnum/simuate_ws/src/obstacleavoidance_fsm/install/obstacleavoidance_fsm', 'merge_install': False, 'path': '/home/magnum/simuate_ws/src/obstacleavoidance_fsm', 'symlink_install': False, 'test_result_base': None}
[0.414s] INFO:colcon.colcon_core.executor:Executing jobs using 'parallel' executor
[0.420s] DEBUG:colcon.colcon_parallel_executor.executor.parallel:run_until_complete
[0.420s] INFO:colcon.colcon_ros.task.ament_python.build:Building ROS package in '/home/magnum/simuate_ws/src/obstacleavoidance_fsm' with build type 'ament_python'
[0.420s] Level 1:colcon.colcon_core.shell:create_environment_hook('obstacleavoidance_fsm', 'ament_prefix_path')
[0.425s] INFO:colcon.colcon_core.plugin_system:Skipping extension 'colcon_core.shell.bat': Not used on non-Windows systems
[0.426s] INFO:colcon.colcon_core.shell:Creating environment hook '/home/magnum/simuate_ws/src/obstacleavoidance_fsm/install/obstacleavoidance_fsm/share/obstacleavoidance_fsm/hook/ament_prefix_path.ps1'
[0.426s] INFO:colcon.colcon_core.shell:Creating environment descriptor '/home/magnum/simuate_ws/src/obstacleavoidance_fsm/install/obstacleavoidance_fsm/share/obstacleavoidance_fsm/hook/ament_prefix_path.dsv'
[0.427s] INFO:colcon.colcon_core.shell:Creating environment hook '/home/magnum/simuate_ws/src/obstacleavoidance_fsm/install/obstacleavoidance_fsm/share/obstacleavoidance_fsm/hook/ament_prefix_path.sh'
[0.430s] INFO:colcon.colcon_core.shell:Skip shell extension 'powershell' for command environment: Not usable outside of PowerShell
[0.430s] DEBUG:colcon.colcon_core.shell:Skip shell extension 'dsv' for command environment
[0.841s] INFO:colcon.colcon_core.task.python.build:Building Python package in '/home/magnum/simuate_ws/src/obstacleavoidance_fsm'
[0.844s] INFO:colcon.colcon_core.shell:Skip shell extension 'powershell' for command environment: Not usable outside of PowerShell
[0.844s] DEBUG:colcon.colcon_core.shell:Skip shell extension 'dsv' for command environment
[1.567s] DEBUG:colcon.colcon_core.event_handler.log_command:Invoking command in '/home/magnum/simuate_ws/src/obstacleavoidance_fsm': PYTHONPATH=/home/magnum/simuate_ws/src/obstacleavoidance_fsm/build/obstacleavoidance_fsm/prefix_override:/home/magnum/simuate_ws/src/obstacleavoidance_fsm/install/obstacleavoidance_fsm/lib/python3.8/site-packages:${PYTHONPATH} /usr/bin/python3 setup.py egg_info --egg-base build/obstacleavoidance_fsm build --build-base /home/magnum/simuate_ws/src/obstacleavoidance_fsm/build/obstacleavoidance_fsm/build install --record /home/magnum/simuate_ws/src/obstacleavoidance_fsm/build/obstacleavoidance_fsm/install.log --install-scripts $base/lib/obstacleavoidance_fsm --single-version-externally-managed
[2.112s] DEBUG:colcon.colcon_core.event_handler.log_command:Invoked command in '/home/magnum/simuate_ws/src/obstacleavoidance_fsm' returned '0': PYTHONPATH=/home/magnum/simuate_ws/src/obstacleavoidance_fsm/build/obstacleavoidance_fsm/prefix_override:/home/magnum/simuate_ws/src/obstacleavoidance_fsm/install/obstacleavoidance_fsm/lib/python3.8/site-packages:${PYTHONPATH} /usr/bin/python3 setup.py egg_info --egg-base build/obstacleavoidance_fsm build --build-base /home/magnum/simuate_ws/src/obstacleavoidance_fsm/build/obstacleavoidance_fsm/build install --record /home/magnum/simuate_ws/src/obstacleavoidance_fsm/build/obstacleavoidance_fsm/install.log --install-scripts $base/lib/obstacleavoidance_fsm --single-version-externally-managed
[2.114s] Level 1:colcon.colcon_core.environment:checking '/home/magnum/simuate_ws/src/obstacleavoidance_fsm/install/obstacleavoidance_fsm' for CMake module files
[2.114s] Level 1:colcon.colcon_core.environment:checking '/home/magnum/simuate_ws/src/obstacleavoidance_fsm/install/obstacleavoidance_fsm' for CMake config files
[2.115s] Level 1:colcon.colcon_core.environment:checking '/home/magnum/simuate_ws/src/obstacleavoidance_fsm/install/obstacleavoidance_fsm/lib'
[2.116s] Level 1:colcon.colcon_core.environment:checking '/home/magnum/simuate_ws/src/obstacleavoidance_fsm/install/obstacleavoidance_fsm/bin'
[2.116s] Level 1:colcon.colcon_core.environment:checking '/home/magnum/simuate_ws/src/obstacleavoidance_fsm/install/obstacleavoidance_fsm/lib/pkgconfig/obstacleavoidance_fsm.pc'
[2.116s] Level 1:colcon.colcon_core.environment:checking '/home/magnum/simuate_ws/src/obstacleavoidance_fsm/install/obstacleavoidance_fsm/lib/python3.8/site-packages'
[2.116s] Level 1:colcon.colcon_core.shell:create_environment_hook('obstacleavoidance_fsm', 'pythonpath')
[2.124s] INFO:colcon.colcon_core.shell:Creating environment hook '/home/magnum/simuate_ws/src/obstacleavoidance_fsm/install/obstacleavoidance_fsm/share/obstacleavoidance_fsm/hook/pythonpath.ps1'
[2.125s] INFO:colcon.colcon_core.shell:Creating environment descriptor '/home/magnum/simuate_ws/src/obstacleavoidance_fsm/install/obstacleavoidance_fsm/share/obstacleavoidance_fsm/hook/pythonpath.dsv'
[2.126s] INFO:colcon.colcon_core.shell:Creating environment hook '/home/magnum/simuate_ws/src/obstacleavoidance_fsm/install/obstacleavoidance_fsm/share/obstacleavoidance_fsm/hook/pythonpath.sh'
[2.126s] Level 1:colcon.colcon_core.environment:checking '/home/magnum/simuate_ws/src/obstacleavoidance_fsm/install/obstacleavoidance_fsm/bin'
[2.126s] Level 1:colcon.colcon_core.environment:create_environment_scripts_only(obstacleavoidance_fsm)
[2.133s] INFO:colcon.colcon_core.shell:Creating package script '/home/magnum/simuate_ws/src/obstacleavoidance_fsm/install/obstacleavoidance_fsm/share/obstacleavoidance_fsm/package.ps1'
[2.135s] INFO:colcon.colcon_core.shell:Creating package descriptor '/home/magnum/simuate_ws/src/obstacleavoidance_fsm/install/obstacleavoidance_fsm/share/obstacleavoidance_fsm/package.dsv'
[2.136s] INFO:colcon.colcon_core.shell:Creating package script '/home/magnum/simuate_ws/src/obstacleavoidance_fsm/install/obstacleavoidance_fsm/share/obstacleavoidance_fsm/package.sh'
[2.137s] INFO:colcon.colcon_core.shell:Creating package script '/home/magnum/simuate_ws/src/obstacleavoidance_fsm/install/obstacleavoidance_fsm/share/obstacleavoidance_fsm/package.bash'
[2.139s] INFO:colcon.colcon_core.shell:Creating package script '/home/magnum/simuate_ws/src/obstacleavoidance_fsm/install/obstacleavoidance_fsm/share/obstacleavoidance_fsm/package.zsh'
[2.144s] Level 1:colcon.colcon_core.environment:create_file_with_runtime_dependencies(/home/magnum/simuate_ws/src/obstacleavoidance_fsm/install/obstacleavoidance_fsm/share/colcon-core/packages/obstacleavoidance_fsm)
[2.146s] DEBUG:colcon.colcon_parallel_executor.executor.parallel:closing loop
[2.146s] DEBUG:colcon.colcon_parallel_executor.executor.parallel:loop closed
[2.146s] DEBUG:colcon.colcon_parallel_executor.executor.parallel:run_until_complete finished with '0'
[2.146s] DEBUG:colcon.colcon_core.event_reactor:joining thread
[2.156s] INFO:colcon.colcon_core.plugin_system:Skipping extension 'colcon_notification.desktop_notification.terminal_notifier': Not used on non-Darwin systems
[2.159s] INFO:colcon.colcon_core.plugin_system:Skipping extension 'colcon_notification.desktop_notification.win32': Not used on non-Windows systems
[2.159s] INFO:colcon.colcon_notification.desktop_notification:Sending desktop notification using 'notify2'
[2.187s] DEBUG:colcon.colcon_core.event_reactor:joined thread
[2.190s] INFO:colcon.colcon_core.shell:Creating prefix script '/home/magnum/simuate_ws/src/obstacleavoidance_fsm/install/local_setup.ps1'
[2.191s] INFO:colcon.colcon_core.shell:Creating prefix util module '/home/magnum/simuate_ws/src/obstacleavoidance_fsm/install/_local_setup_util_ps1.py'
[2.194s] INFO:colcon.colcon_core.shell:Creating prefix chain script '/home/magnum/simuate_ws/src/obstacleavoidance_fsm/install/setup.ps1'
[2.197s] INFO:colcon.colcon_core.shell:Creating prefix script '/home/magnum/simuate_ws/src/obstacleavoidance_fsm/install/local_setup.sh'
[2.198s] INFO:colcon.colcon_core.shell:Creating prefix util module '/home/magnum/simuate_ws/src/obstacleavoidance_fsm/install/_local_setup_util_sh.py'
[2.198s] INFO:colcon.colcon_core.shell:Creating prefix chain script '/home/magnum/simuate_ws/src/obstacleavoidance_fsm/install/setup.sh'
[2.201s] INFO:colcon.colcon_core.shell:Creating prefix script '/home/magnum/simuate_ws/src/obstacleavoidance_fsm/install/local_setup.bash'
[2.202s] INFO:colcon.colcon_core.shell:Creating prefix chain script '/home/magnum/simuate_ws/src/obstacleavoidance_fsm/install/setup.bash'
[2.205s] INFO:colcon.colcon_core.shell:Creating prefix script '/home/magnum/simuate_ws/src/obstacleavoidance_fsm/install/local_setup.zsh'
[2.205s] INFO:colcon.colcon_core.shell:Creating prefix chain script '/home/magnum/simuate_ws/src/obstacleavoidance_fsm/install/setup.zsh'
