running egg_info
creating build/obstacleavoidance_fsm/obstacleavoidance_fsm.egg-info
writing build/obstacleavoidance_fsm/obstacleavoidance_fsm.egg-info/PKG-INFO
writing dependency_links to build/obstacleavoidance_fsm/obstacleavoidance_fsm.egg-info/dependency_links.txt
writing entry points to build/obstacleavoidance_fsm/obstacleavoidance_fsm.egg-info/entry_points.txt
writing requirements to build/obstacleavoidance_fsm/obstacleavoidance_fsm.egg-info/requires.txt
writing top-level names to build/obstacleavoidance_fsm/obstacleavoidance_fsm.egg-info/top_level.txt
writing manifest file 'build/obstacleavoidance_fsm/obstacleavoidance_fsm.egg-info/SOURCES.txt'
reading manifest file 'build/obstacleavoidance_fsm/obstacleavoidance_fsm.egg-info/SOURCES.txt'
writing manifest file 'build/obstacleavoidance_fsm/obstacleavoidance_fsm.egg-info/SOURCES.txt'
running build
running build_py
creating /home/magnum/simuate_ws/src/obstacleavoidance_fsm/build/obstacleavoidance_fsm/build
creating /home/magnum/simuate_ws/src/obstacleavoidance_fsm/build/obstacleavoidance_fsm/build/lib
creating /home/magnum/simuate_ws/src/obstacleavoidance_fsm/build/obstacleavoidance_fsm/build/lib/obstacleavoidance_fsm
copying obstacleavoidance_fsm/obstacle_avoidance.py -> /home/magnum/simuate_ws/src/obstacleavoidance_fsm/build/obstacleavoidance_fsm/build/lib/obstacleavoidance_fsm
copying obstacleavoidance_fsm/fsm.py -> /home/magnum/simuate_ws/src/obstacleavoidance_fsm/build/obstacleavoidance_fsm/build/lib/obstacleavoidance_fsm
copying obstacleavoidance_fsm/obstacle.py -> /home/magnum/simuate_ws/src/obstacleavoidance_fsm/build/obstacleavoidance_fsm/build/lib/obstacleavoidance_fsm
copying obstacleavoidance_fsm/__init__.py -> /home/magnum/simuate_ws/src/obstacleavoidance_fsm/build/obstacleavoidance_fsm/build/lib/obstacleavoidance_fsm
copying obstacleavoidance_fsm/move_sub.py -> /home/magnum/simuate_ws/src/obstacleavoidance_fsm/build/obstacleavoidance_fsm/build/lib/obstacleavoidance_fsm
running install
running install_lib
creating /home/magnum/simuate_ws/src/obstacleavoidance_fsm/install/obstacleavoidance_fsm/lib/python3.8/site-packages/obstacleavoidance_fsm
copying /home/magnum/simuate_ws/src/obstacleavoidance_fsm/build/obstacleavoidance_fsm/build/lib/obstacleavoidance_fsm/obstacle_avoidance.py -> /home/magnum/simuate_ws/src/obstacleavoidance_fsm/install/obstacleavoidance_fsm/lib/python3.8/site-packages/obstacleavoidance_fsm
copying /home/magnum/simuate_ws/src/obstacleavoidance_fsm/build/obstacleavoidance_fsm/build/lib/obstacleavoidance_fsm/fsm.py -> /home/magnum/simuate_ws/src/obstacleavoidance_fsm/install/obstacleavoidance_fsm/lib/python3.8/site-packages/obstacleavoidance_fsm
copying /home/magnum/simuate_ws/src/obstacleavoidance_fsm/build/obstacleavoidance_fsm/build/lib/obstacleavoidance_fsm/obstacle.py -> /home/magnum/simuate_ws/src/obstacleavoidance_fsm/install/obstacleavoidance_fsm/lib/python3.8/site-packages/obstacleavoidance_fsm
copying /home/magnum/simuate_ws/src/obstacleavoidance_fsm/build/obstacleavoidance_fsm/build/lib/obstacleavoidance_fsm/__init__.py -> /home/magnum/simuate_ws/src/obstacleavoidance_fsm/install/obstacleavoidance_fsm/lib/python3.8/site-packages/obstacleavoidance_fsm
copying /home/magnum/simuate_ws/src/obstacleavoidance_fsm/build/obstacleavoidance_fsm/build/lib/obstacleavoidance_fsm/move_sub.py -> /home/magnum/simuate_ws/src/obstacleavoidance_fsm/install/obstacleavoidance_fsm/lib/python3.8/site-packages/obstacleavoidance_fsm
byte-compiling /home/magnum/simuate_ws/src/obstacleavoidance_fsm/install/obstacleavoidance_fsm/lib/python3.8/site-packages/obstacleavoidance_fsm/obstacle_avoidance.py to obstacle_avoidance.cpython-38.pyc
byte-compiling /home/magnum/simuate_ws/src/obstacleavoidance_fsm/install/obstacleavoidance_fsm/lib/python3.8/site-packages/obstacleavoidance_fsm/fsm.py to fsm.cpython-38.pyc
byte-compiling /home/magnum/simuate_ws/src/obstacleavoidance_fsm/install/obstacleavoidance_fsm/lib/python3.8/site-packages/obstacleavoidance_fsm/obstacle.py to obstacle.cpython-38.pyc
byte-compiling /home/magnum/simuate_ws/src/obstacleavoidance_fsm/install/obstacleavoidance_fsm/lib/python3.8/site-packages/obstacleavoidance_fsm/__init__.py to __init__.cpython-38.pyc
byte-compiling /home/magnum/simuate_ws/src/obstacleavoidance_fsm/install/obstacleavoidance_fsm/lib/python3.8/site-packages/obstacleavoidance_fsm/move_sub.py to move_sub.cpython-38.pyc
running install_data
creating /home/magnum/simuate_ws/src/obstacleavoidance_fsm/install/obstacleavoidance_fsm/share/ament_index
creating /home/magnum/simuate_ws/src/obstacleavoidance_fsm/install/obstacleavoidance_fsm/share/ament_index/resource_index
creating /home/magnum/simuate_ws/src/obstacleavoidance_fsm/install/obstacleavoidance_fsm/share/ament_index/resource_index/packages
copying resource/obstacleavoidance_fsm -> /home/magnum/simuate_ws/src/obstacleavoidance_fsm/install/obstacleavoidance_fsm/share/ament_index/resource_index/packages
copying package.xml -> /home/magnum/simuate_ws/src/obstacleavoidance_fsm/install/obstacleavoidance_fsm/share/obstacleavoidance_fsm
running install_egg_info
Copying build/obstacleavoidance_fsm/obstacleavoidance_fsm.egg-info to /home/magnum/simuate_ws/src/obstacleavoidance_fsm/install/obstacleavoidance_fsm/lib/python3.8/site-packages/obstacleavoidance_fsm-0.0.0-py3.8.egg-info
running install_scripts
Installing finite_state script to /home/magnum/simuate_ws/src/obstacleavoidance_fsm/install/obstacleavoidance_fsm/lib/obstacleavoidance_fsm
Installing fsm script to /home/magnum/simuate_ws/src/obstacleavoidance_fsm/install/obstacleavoidance_fsm/lib/obstacleavoidance_fsm
Installing move script to /home/magnum/simuate_ws/src/obstacleavoidance_fsm/install/obstacleavoidance_fsm/lib/obstacleavoidance_fsm
Installing move_sub script to /home/magnum/simuate_ws/src/obstacleavoidance_fsm/install/obstacleavoidance_fsm/lib/obstacleavoidance_fsm
writing list of installed files to '/home/magnum/simuate_ws/src/obstacleavoidance_fsm/build/obstacleavoidance_fsm/install.log'
